<?xml version="1.0" encoding="UTF-8"?>
<!-- Generated by org.testng.reporters.JUnitReportReporter -->
<testsuite hostname="LAPTOP-VRRUAQML" failures="0" tests="3" name="org.max.Hello" time="94.511" errors="0" timestamp="2024-08-20T11:35:32 IST" skipped="0">
  <testcase classname="org.max.Hello" name="tc1" time="16.073"/>
  <system-out/>
  <testcase classname="org.max.Hello" name="tc1" time="53.330"/>
  <system-out/>
  <testcase classname="org.max.Hello" name="tc1" time="25.108"/>
  <system-out/>
</testsuite> <!-- org.max.Hello -->
